  ShapeMeshes.cpp
C:\Users\rick2\OneDrive\Desktop\Seabridge-Richard-Aug 13, 2024 123 PM\CS330ContentRS\CS330Content\3DShapes\ShapeMeshes.cpp(145,15): warning C4244: 'initializing': conversion from 'double' to 'float', possible loss of data
C:\Users\rick2\OneDrive\Desktop\Seabridge-Richard-Aug 13, 2024 123 PM\CS330ContentRS\CS330Content\3DShapes\ShapeMeshes.cpp(150,14): warning C4244: 'initializing': conversion from 'double' to 'float', possible loss of data
C:\Users\rick2\OneDrive\Desktop\Seabridge-Richard-Aug 13, 2024 123 PM\CS330ContentRS\CS330Content\3DShapes\ShapeMeshes.cpp(200,13): warning C4244: 'initializing': conversion from 'double' to 'float', possible loss of data
C:\Users\rick2\OneDrive\Desktop\Seabridge-Richard-Aug 13, 2024 123 PM\CS330ContentRS\CS330Content\3DShapes\ShapeMeshes.cpp(518,59): warning C4305: 'initializing': truncation from 'double' to 'GLfloat'
C:\Users\rick2\OneDrive\Desktop\Seabridge-Richard-Aug 13, 2024 123 PM\CS330ContentRS\CS330Content\3DShapes\ShapeMeshes.cpp(520,59): warning C4305: 'initializing': truncation from 'double' to 'GLfloat'
C:\Users\rick2\OneDrive\Desktop\Seabridge-Richard-Aug 13, 2024 123 PM\CS330ContentRS\CS330Content\3DShapes\ShapeMeshes.cpp(521,59): warning C4305: 'initializing': truncation from 'double' to 'GLfloat'
C:\Users\rick2\OneDrive\Desktop\Seabridge-Richard-Aug 13, 2024 123 PM\CS330ContentRS\CS330Content\3DShapes\ShapeMeshes.cpp(522,59): warning C4305: 'initializing': truncation from 'double' to 'GLfloat'
C:\Users\rick2\OneDrive\Desktop\Seabridge-Richard-Aug 13, 2024 123 PM\CS330ContentRS\CS330Content\3DShapes\ShapeMeshes.cpp(523,59): warning C4305: 'initializing': truncation from 'double' to 'GLfloat'
C:\Users\rick2\OneDrive\Desktop\Seabridge-Richard-Aug 13, 2024 123 PM\CS330ContentRS\CS330Content\3DShapes\ShapeMeshes.cpp(524,59): warning C4305: 'initializing': truncation from 'double' to 'GLfloat'
C:\Users\rick2\OneDrive\Desktop\Seabridge-Richard-Aug 13, 2024 123 PM\CS330ContentRS\CS330Content\3DShapes\ShapeMeshes.cpp(525,59): warning C4305: 'initializing': truncation from 'double' to 'GLfloat'
C:\Users\rick2\OneDrive\Desktop\Seabridge-Richard-Aug 13, 2024 123 PM\CS330ContentRS\CS330Content\3DShapes\ShapeMeshes.cpp(526,58): warning C4305: 'initializing': truncation from 'double' to 'GLfloat'
C:\Users\rick2\OneDrive\Desktop\Seabridge-Richard-Aug 13, 2024 123 PM\CS330ContentRS\CS330Content\3DShapes\ShapeMeshes.cpp(527,59): warning C4305: 'initializing': truncation from 'double' to 'GLfloat'
C:\Users\rick2\OneDrive\Desktop\Seabridge-Richard-Aug 13, 2024 123 PM\CS330ContentRS\CS330Content\3DShapes\ShapeMeshes.cpp(528,58): warning C4305: 'initializing': truncation from 'double' to 'GLfloat'
C:\Users\rick2\OneDrive\Desktop\Seabridge-Richard-Aug 13, 2024 123 PM\CS330ContentRS\CS330Content\3DShapes\ShapeMeshes.cpp(529,58): warning C4305: 'initializing': truncation from 'double' to 'GLfloat'
C:\Users\rick2\OneDrive\Desktop\Seabridge-Richard-Aug 13, 2024 123 PM\CS330ContentRS\CS330Content\3DShapes\ShapeMeshes.cpp(530,59): warning C4305: 'initializing': truncation from 'double' to 'GLfloat'
C:\Users\rick2\OneDrive\Desktop\Seabridge-Richard-Aug 13, 2024 123 PM\CS330ContentRS\CS330Content\3DShapes\ShapeMeshes.cpp(531,58): warning C4305: 'initializing': truncation from 'double' to 'GLfloat'
C:\Users\rick2\OneDrive\Desktop\Seabridge-Richard-Aug 13, 2024 123 PM\CS330ContentRS\CS330Content\3DShapes\ShapeMeshes.cpp(532,59): warning C4305: 'initializing': truncation from 'double' to 'GLfloat'
C:\Users\rick2\OneDrive\Desktop\Seabridge-Richard-Aug 13, 2024 123 PM\CS330ContentRS\CS330Content\3DShapes\ShapeMeshes.cpp(533,59): warning C4305: 'initializing': truncation from 'double' to 'GLfloat'
C:\Users\rick2\OneDrive\Desktop\Seabridge-Richard-Aug 13, 2024 123 PM\CS330ContentRS\CS330Content\3DShapes\ShapeMeshes.cpp(534,59): warning C4305: 'initializing': truncation from 'double' to 'GLfloat'
C:\Users\rick2\OneDrive\Desktop\Seabridge-Richard-Aug 13, 2024 123 PM\CS330ContentRS\CS330Content\3DShapes\ShapeMeshes.cpp(535,59): warning C4305: 'initializing': truncation from 'double' to 'GLfloat'
C:\Users\rick2\OneDrive\Desktop\Seabridge-Richard-Aug 13, 2024 123 PM\CS330ContentRS\CS330Content\3DShapes\ShapeMeshes.cpp(536,59): warning C4305: 'initializing': truncation from 'double' to 'GLfloat'
C:\Users\rick2\OneDrive\Desktop\Seabridge-Richard-Aug 13, 2024 123 PM\CS330ContentRS\CS330Content\3DShapes\ShapeMeshes.cpp(537,59): warning C4305: 'initializing': truncation from 'double' to 'GLfloat'
C:\Users\rick2\OneDrive\Desktop\Seabridge-Richard-Aug 13, 2024 123 PM\CS330ContentRS\CS330Content\3DShapes\ShapeMeshes.cpp(538,58): warning C4305: 'initializing': truncation from 'double' to 'GLfloat'
C:\Users\rick2\OneDrive\Desktop\Seabridge-Richard-Aug 13, 2024 123 PM\CS330ContentRS\CS330Content\3DShapes\ShapeMeshes.cpp(539,59): warning C4305: 'initializing': truncation from 'double' to 'GLfloat'
C:\Users\rick2\OneDrive\Desktop\Seabridge-Richard-Aug 13, 2024 123 PM\CS330ContentRS\CS330Content\3DShapes\ShapeMeshes.cpp(540,58): warning C4305: 'initializing': truncation from 'double' to 'GLfloat'
C:\Users\rick2\OneDrive\Desktop\Seabridge-Richard-Aug 13, 2024 123 PM\CS330ContentRS\CS330Content\3DShapes\ShapeMeshes.cpp(541,58): warning C4305: 'initializing': truncation from 'double' to 'GLfloat'
C:\Users\rick2\OneDrive\Desktop\Seabridge-Richard-Aug 13, 2024 123 PM\CS330ContentRS\CS330Content\3DShapes\ShapeMeshes.cpp(542,59): warning C4305: 'initializing': truncation from 'double' to 'GLfloat'
C:\Users\rick2\OneDrive\Desktop\Seabridge-Richard-Aug 13, 2024 123 PM\CS330ContentRS\CS330Content\3DShapes\ShapeMeshes.cpp(543,58): warning C4305: 'initializing': truncation from 'double' to 'GLfloat'
C:\Users\rick2\OneDrive\Desktop\Seabridge-Richard-Aug 13, 2024 123 PM\CS330ContentRS\CS330Content\3DShapes\ShapeMeshes.cpp(544,59): warning C4305: 'initializing': truncation from 'double' to 'GLfloat'
C:\Users\rick2\OneDrive\Desktop\Seabridge-Richard-Aug 13, 2024 123 PM\CS330ContentRS\CS330Content\3DShapes\ShapeMeshes.cpp(545,59): warning C4305: 'initializing': truncation from 'double' to 'GLfloat'
C:\Users\rick2\OneDrive\Desktop\Seabridge-Richard-Aug 13, 2024 123 PM\CS330ContentRS\CS330Content\3DShapes\ShapeMeshes.cpp(546,59): warning C4305: 'initializing': truncation from 'double' to 'GLfloat'
C:\Users\rick2\OneDrive\Desktop\Seabridge-Richard-Aug 13, 2024 123 PM\CS330ContentRS\CS330Content\3DShapes\ShapeMeshes.cpp(547,59): warning C4305: 'initializing': truncation from 'double' to 'GLfloat'
C:\Users\rick2\OneDrive\Desktop\Seabridge-Richard-Aug 13, 2024 123 PM\CS330ContentRS\CS330Content\3DShapes\ShapeMeshes.cpp(548,59): warning C4305: 'initializing': truncation from 'double' to 'GLfloat'
C:\Users\rick2\OneDrive\Desktop\Seabridge-Richard-Aug 13, 2024 123 PM\CS330ContentRS\CS330Content\3DShapes\ShapeMeshes.cpp(549,59): warning C4305: 'initializing': truncation from 'double' to 'GLfloat'
C:\Users\rick2\OneDrive\Desktop\Seabridge-Richard-Aug 13, 2024 123 PM\CS330ContentRS\CS330Content\3DShapes\ShapeMeshes.cpp(550,58): warning C4305: 'initializing': truncation from 'double' to 'GLfloat'
C:\Users\rick2\OneDrive\Desktop\Seabridge-Richard-Aug 13, 2024 123 PM\CS330ContentRS\CS330Content\3DShapes\ShapeMeshes.cpp(551,59): warning C4305: 'initializing': truncation from 'double' to 'GLfloat'
C:\Users\rick2\OneDrive\Desktop\Seabridge-Richard-Aug 13, 2024 123 PM\CS330ContentRS\CS330Content\3DShapes\ShapeMeshes.cpp(552,58): warning C4305: 'initializing': truncation from 'double' to 'GLfloat'
C:\Users\rick2\OneDrive\Desktop\Seabridge-Richard-Aug 13, 2024 123 PM\CS330ContentRS\CS330Content\3DShapes\ShapeMeshes.cpp(553,58): warning C4305: 'initializing': truncation from 'double' to 'GLfloat'
C:\Users\rick2\OneDrive\Desktop\Seabridge-Richard-Aug 13, 2024 123 PM\CS330ContentRS\CS330Content\3DShapes\ShapeMeshes.cpp(554,60): warning C4305: 'initializing': truncation from 'double' to 'GLfloat'
C:\Users\rick2\OneDrive\Desktop\Seabridge-Richard-Aug 13, 2024 123 PM\CS330ContentRS\CS330Content\3DShapes\ShapeMeshes.cpp(555,59): warning C4305: 'initializing': truncation from 'double' to 'GLfloat'
C:\Users\rick2\OneDrive\Desktop\Seabridge-Richard-Aug 13, 2024 123 PM\CS330ContentRS\CS330Content\3DShapes\ShapeMeshes.cpp(556,60): warning C4305: 'initializing': truncation from 'double' to 'GLfloat'
C:\Users\rick2\OneDrive\Desktop\Seabridge-Richard-Aug 13, 2024 123 PM\CS330ContentRS\CS330Content\3DShapes\ShapeMeshes.cpp(557,60): warning C4305: 'initializing': truncation from 'double' to 'GLfloat'
C:\Users\rick2\OneDrive\Desktop\Seabridge-Richard-Aug 13, 2024 123 PM\CS330ContentRS\CS330Content\3DShapes\ShapeMeshes.cpp(558,60): warning C4305: 'initializing': truncation from 'double' to 'GLfloat'
C:\Users\rick2\OneDrive\Desktop\Seabridge-Richard-Aug 13, 2024 123 PM\CS330ContentRS\CS330Content\3DShapes\ShapeMeshes.cpp(559,60): warning C4305: 'initializing': truncation from 'double' to 'GLfloat'
C:\Users\rick2\OneDrive\Desktop\Seabridge-Richard-Aug 13, 2024 123 PM\CS330ContentRS\CS330Content\3DShapes\ShapeMeshes.cpp(560,60): warning C4305: 'initializing': truncation from 'double' to 'GLfloat'
C:\Users\rick2\OneDrive\Desktop\Seabridge-Richard-Aug 13, 2024 123 PM\CS330ContentRS\CS330Content\3DShapes\ShapeMeshes.cpp(561,60): warning C4305: 'initializing': truncation from 'double' to 'GLfloat'
C:\Users\rick2\OneDrive\Desktop\Seabridge-Richard-Aug 13, 2024 123 PM\CS330ContentRS\CS330Content\3DShapes\ShapeMeshes.cpp(562,60): warning C4305: 'initializing': truncation from 'double' to 'GLfloat'
C:\Users\rick2\OneDrive\Desktop\Seabridge-Richard-Aug 13, 2024 123 PM\CS330ContentRS\CS330Content\3DShapes\ShapeMeshes.cpp(563,60): warning C4305: 'initializing': truncation from 'double' to 'GLfloat'
C:\Users\rick2\OneDrive\Desktop\Seabridge-Richard-Aug 13, 2024 123 PM\CS330ContentRS\CS330Content\3DShapes\ShapeMeshes.cpp(564,60): warning C4305: 'initializing': truncation from 'double' to 'GLfloat'
C:\Users\rick2\OneDrive\Desktop\Seabridge-Richard-Aug 13, 2024 123 PM\CS330ContentRS\CS330Content\3DShapes\ShapeMeshes.cpp(565,60): warning C4305: 'initializing': truncation from 'double' to 'GLfloat'
C:\Users\rick2\OneDrive\Desktop\Seabridge-Richard-Aug 13, 2024 123 PM\CS330ContentRS\CS330Content\3DShapes\ShapeMeshes.cpp(566,60): warning C4305: 'initializing': truncation from 'double' to 'GLfloat'
C:\Users\rick2\OneDrive\Desktop\Seabridge-Richard-Aug 13, 2024 123 PM\CS330ContentRS\CS330Content\3DShapes\ShapeMeshes.cpp(567,60): warning C4305: 'initializing': truncation from 'double' to 'GLfloat'
C:\Users\rick2\OneDrive\Desktop\Seabridge-Richard-Aug 13, 2024 123 PM\CS330ContentRS\CS330Content\3DShapes\ShapeMeshes.cpp(568,60): warning C4305: 'initializing': truncation from 'double' to 'GLfloat'
C:\Users\rick2\OneDrive\Desktop\Seabridge-Richard-Aug 13, 2024 123 PM\CS330ContentRS\CS330Content\3DShapes\ShapeMeshes.cpp(569,60): warning C4305: 'initializing': truncation from 'double' to 'GLfloat'
C:\Users\rick2\OneDrive\Desktop\Seabridge-Richard-Aug 13, 2024 123 PM\CS330ContentRS\CS330Content\3DShapes\ShapeMeshes.cpp(570,60): warning C4305: 'initializing': truncation from 'double' to 'GLfloat'
C:\Users\rick2\OneDrive\Desktop\Seabridge-Richard-Aug 13, 2024 123 PM\CS330ContentRS\CS330Content\3DShapes\ShapeMeshes.cpp(571,60): warning C4305: 'initializing': truncation from 'double' to 'GLfloat'
C:\Users\rick2\OneDrive\Desktop\Seabridge-Richard-Aug 13, 2024 123 PM\CS330ContentRS\CS330Content\3DShapes\ShapeMeshes.cpp(572,60): warning C4305: 'initializing': truncation from 'double' to 'GLfloat'
C:\Users\rick2\OneDrive\Desktop\Seabridge-Richard-Aug 13, 2024 123 PM\CS330ContentRS\CS330Content\3DShapes\ShapeMeshes.cpp(573,60): warning C4305: 'initializing': truncation from 'double' to 'GLfloat'
C:\Users\rick2\OneDrive\Desktop\Seabridge-Richard-Aug 13, 2024 123 PM\CS330ContentRS\CS330Content\3DShapes\ShapeMeshes.cpp(574,60): warning C4305: 'initializing': truncation from 'double' to 'GLfloat'
C:\Users\rick2\OneDrive\Desktop\Seabridge-Richard-Aug 13, 2024 123 PM\CS330ContentRS\CS330Content\3DShapes\ShapeMeshes.cpp(575,60): warning C4305: 'initializing': truncation from 'double' to 'GLfloat'
C:\Users\rick2\OneDrive\Desktop\Seabridge-Richard-Aug 13, 2024 123 PM\CS330ContentRS\CS330Content\3DShapes\ShapeMeshes.cpp(576,60): warning C4305: 'initializing': truncation from 'double' to 'GLfloat'
C:\Users\rick2\OneDrive\Desktop\Seabridge-Richard-Aug 13, 2024 123 PM\CS330ContentRS\CS330Content\3DShapes\ShapeMeshes.cpp(577,60): warning C4305: 'initializing': truncation from 'double' to 'GLfloat'
C:\Users\rick2\OneDrive\Desktop\Seabridge-Richard-Aug 13, 2024 123 PM\CS330ContentRS\CS330Content\3DShapes\ShapeMeshes.cpp(578,60): warning C4305: 'initializing': truncation from 'double' to 'GLfloat'
C:\Users\rick2\OneDrive\Desktop\Seabridge-Richard-Aug 13, 2024 123 PM\CS330ContentRS\CS330Content\3DShapes\ShapeMeshes.cpp(579,60): warning C4305: 'initializing': truncation from 'double' to 'GLfloat'
C:\Users\rick2\OneDrive\Desktop\Seabridge-Richard-Aug 13, 2024 123 PM\CS330ContentRS\CS330Content\3DShapes\ShapeMeshes.cpp(580,60): warning C4305: 'initializing': truncation from 'double' to 'GLfloat'
C:\Users\rick2\OneDrive\Desktop\Seabridge-Richard-Aug 13, 2024 123 PM\CS330ContentRS\CS330Content\3DShapes\ShapeMeshes.cpp(581,60): warning C4305: 'initializing': truncation from 'double' to 'GLfloat'
C:\Users\rick2\OneDrive\Desktop\Seabridge-Richard-Aug 13, 2024 123 PM\CS330ContentRS\CS330Content\3DShapes\ShapeMeshes.cpp(582,60): warning C4305: 'initializing': truncation from 'double' to 'GLfloat'
C:\Users\rick2\OneDrive\Desktop\Seabridge-Richard-Aug 13, 2024 123 PM\CS330ContentRS\CS330Content\3DShapes\ShapeMeshes.cpp(583,60): warning C4305: 'initializing': truncation from 'double' to 'GLfloat'
C:\Users\rick2\OneDrive\Desktop\Seabridge-Richard-Aug 13, 2024 123 PM\CS330ContentRS\CS330Content\3DShapes\ShapeMeshes.cpp(584,60): warning C4305: 'initializing': truncation from 'double' to 'GLfloat'
C:\Users\rick2\OneDrive\Desktop\Seabridge-Richard-Aug 13, 2024 123 PM\CS330ContentRS\CS330Content\3DShapes\ShapeMeshes.cpp(585,60): warning C4305: 'initializing': truncation from 'double' to 'GLfloat'
C:\Users\rick2\OneDrive\Desktop\Seabridge-Richard-Aug 13, 2024 123 PM\CS330ContentRS\CS330Content\3DShapes\ShapeMeshes.cpp(586,59): warning C4305: 'initializing': truncation from 'double' to 'GLfloat'
C:\Users\rick2\OneDrive\Desktop\Seabridge-Richard-Aug 13, 2024 123 PM\CS330ContentRS\CS330Content\3DShapes\ShapeMeshes.cpp(587,60): warning C4305: 'initializing': truncation from 'double' to 'GLfloat'
C:\Users\rick2\OneDrive\Desktop\Seabridge-Richard-Aug 13, 2024 123 PM\CS330ContentRS\CS330Content\3DShapes\ShapeMeshes.cpp(588,59): warning C4305: 'initializing': truncation from 'double' to 'GLfloat'
C:\Users\rick2\OneDrive\Desktop\Seabridge-Richard-Aug 13, 2024 123 PM\CS330ContentRS\CS330Content\3DShapes\ShapeMeshes.cpp(589,59): warning C4305: 'initializing': truncation from 'double' to 'GLfloat'
C:\Users\rick2\OneDrive\Desktop\Seabridge-Richard-Aug 13, 2024 123 PM\CS330ContentRS\CS330Content\3DShapes\ShapeMeshes.cpp(590,59): warning C4305: 'initializing': truncation from 'double' to 'GLfloat'
C:\Users\rick2\OneDrive\Desktop\Seabridge-Richard-Aug 13, 2024 123 PM\CS330ContentRS\CS330Content\3DShapes\ShapeMeshes.cpp(591,58): warning C4305: 'initializing': truncation from 'double' to 'GLfloat'
C:\Users\rick2\OneDrive\Desktop\Seabridge-Richard-Aug 13, 2024 123 PM\CS330ContentRS\CS330Content\3DShapes\ShapeMeshes.cpp(592,59): warning C4305: 'initializing': truncation from 'double' to 'GLfloat'
C:\Users\rick2\OneDrive\Desktop\Seabridge-Richard-Aug 13, 2024 123 PM\CS330ContentRS\CS330Content\3DShapes\ShapeMeshes.cpp(593,59): warning C4305: 'initializing': truncation from 'double' to 'GLfloat'
C:\Users\rick2\OneDrive\Desktop\Seabridge-Richard-Aug 13, 2024 123 PM\CS330ContentRS\CS330Content\3DShapes\ShapeMeshes.cpp(594,59): warning C4305: 'initializing': truncation from 'double' to 'GLfloat'
C:\Users\rick2\OneDrive\Desktop\Seabridge-Richard-Aug 13, 2024 123 PM\CS330ContentRS\CS330Content\3DShapes\ShapeMeshes.cpp(595,59): warning C4305: 'initializing': truncation from 'double' to 'GLfloat'
C:\Users\rick2\OneDrive\Desktop\Seabridge-Richard-Aug 13, 2024 123 PM\CS330ContentRS\CS330Content\3DShapes\ShapeMeshes.cpp(596,59): warning C4305: 'initializing': truncation from 'double' to 'GLfloat'
C:\Users\rick2\OneDrive\Desktop\Seabridge-Richard-Aug 13, 2024 123 PM\CS330ContentRS\CS330Content\3DShapes\ShapeMeshes.cpp(597,59): warning C4305: 'initializing': truncation from 'double' to 'GLfloat'
C:\Users\rick2\OneDrive\Desktop\Seabridge-Richard-Aug 13, 2024 123 PM\CS330ContentRS\CS330Content\3DShapes\ShapeMeshes.cpp(598,58): warning C4305: 'initializing': truncation from 'double' to 'GLfloat'
C:\Users\rick2\OneDrive\Desktop\Seabridge-Richard-Aug 13, 2024 123 PM\CS330ContentRS\CS330Content\3DShapes\ShapeMeshes.cpp(599,59): warning C4305: 'initializing': truncation from 'double' to 'GLfloat'
C:\Users\rick2\OneDrive\Desktop\Seabridge-Richard-Aug 13, 2024 123 PM\CS330ContentRS\CS330Content\3DShapes\ShapeMeshes.cpp(600,58): warning C4305: 'initializing': truncation from 'double' to 'GLfloat'
C:\Users\rick2\OneDrive\Desktop\Seabridge-Richard-Aug 13, 2024 123 PM\CS330ContentRS\CS330Content\3DShapes\ShapeMeshes.cpp(601,58): warning C4305: 'initializing': truncation from 'double' to 'GLfloat'
C:\Users\rick2\OneDrive\Desktop\Seabridge-Richard-Aug 13, 2024 123 PM\CS330ContentRS\CS330Content\3DShapes\ShapeMeshes.cpp(602,59): warning C4305: 'initializing': truncation from 'double' to 'GLfloat'
C:\Users\rick2\OneDrive\Desktop\Seabridge-Richard-Aug 13, 2024 123 PM\CS330ContentRS\CS330Content\3DShapes\ShapeMeshes.cpp(603,58): warning C4305: 'initializing': truncation from 'double' to 'GLfloat'
C:\Users\rick2\OneDrive\Desktop\Seabridge-Richard-Aug 13, 2024 123 PM\CS330ContentRS\CS330Content\3DShapes\ShapeMeshes.cpp(604,59): warning C4305: 'initializing': truncation from 'double' to 'GLfloat'
C:\Users\rick2\OneDrive\Desktop\Seabridge-Richard-Aug 13, 2024 123 PM\CS330ContentRS\CS330Content\3DShapes\ShapeMeshes.cpp(605,59): warning C4305: 'initializing': truncation from 'double' to 'GLfloat'
C:\Users\rick2\OneDrive\Desktop\Seabridge-Richard-Aug 13, 2024 123 PM\CS330ContentRS\CS330Content\3DShapes\ShapeMeshes.cpp(606,59): warning C4305: 'initializing': truncation from 'double' to 'GLfloat'
C:\Users\rick2\OneDrive\Desktop\Seabridge-Richard-Aug 13, 2024 123 PM\CS330ContentRS\CS330Content\3DShapes\ShapeMeshes.cpp(607,59): warning C4305: 'initializing': truncation from 'double' to 'GLfloat'
C:\Users\rick2\OneDrive\Desktop\Seabridge-Richard-Aug 13, 2024 123 PM\CS330ContentRS\CS330Content\3DShapes\ShapeMeshes.cpp(608,59): warning C4305: 'initializing': truncation from 'double' to 'GLfloat'
C:\Users\rick2\OneDrive\Desktop\Seabridge-Richard-Aug 13, 2024 123 PM\CS330ContentRS\CS330Content\3DShapes\ShapeMeshes.cpp(609,59): warning C4305: 'initializing': truncation from 'double' to 'GLfloat'
C:\Users\rick2\OneDrive\Desktop\Seabridge-Richard-Aug 13, 2024 123 PM\CS330ContentRS\CS330Content\3DShapes\ShapeMeshes.cpp(610,58): warning C4305: 'initializing': truncation from 'double' to 'GLfloat'
C:\Users\rick2\OneDrive\Desktop\Seabridge-Richard-Aug 13, 2024 123 PM\CS330ContentRS\CS330Content\3DShapes\ShapeMeshes.cpp(611,59): warning C4305: 'initializing': truncation from 'double' to 'GLfloat'
C:\Users\rick2\OneDrive\Desktop\Seabridge-Richard-Aug 13, 2024 123 PM\CS330ContentRS\CS330Content\3DShapes\ShapeMeshes.cpp(612,58): warning C4305: 'initializing': truncation from 'double' to 'GLfloat'
C:\Users\rick2\OneDrive\Desktop\Seabridge-Richard-Aug 13, 2024 123 PM\CS330ContentRS\CS330Content\3DShapes\ShapeMeshes.cpp(613,58): warning C4305: 'initializing': truncation from 'double' to 'GLfloat'
C:\Users\rick2\OneDrive\Desktop\Seabridge-Richard-Aug 13, 2024 123 PM\CS330ContentRS\CS330Content\3DShapes\ShapeMeshes.cpp(614,59): warning C4305: 'initializing': truncation from 'double' to 'GLfloat'
C:\Users\rick2\OneDrive\Desktop\Seabridge-Richard-Aug 13, 2024 123 PM\CS330ContentRS\CS330Content\3DShapes\ShapeMeshes.cpp(615,58): warning C4305: 'initializing': truncation from 'double' to 'GLfloat'
C:\Users\rick2\OneDrive\Desktop\Seabridge-Richard-Aug 13, 2024 123 PM\CS330ContentRS\CS330Content\3DShapes\ShapeMeshes.cpp(616,59): warning C4305: 'initializing': truncation from 'double' to 'GLfloat'
C:\Users\rick2\OneDrive\Desktop\Seabridge-Richard-Aug 13, 2024 123 PM\CS330ContentRS\CS330Content\3DShapes\ShapeMeshes.cpp(617,59): warning C4305: 'initializing': truncation from 'double' to 'GLfloat'
C:\Users\rick2\OneDrive\Desktop\Seabridge-Richard-Aug 13, 2024 123 PM\CS330ContentRS\CS330Content\3DShapes\ShapeMeshes.cpp(618,59): warning C4305: 'initializing': truncation from 'double' to 'GLfloat'
C:\Users\rick2\OneDrive\Desktop\Seabridge-Richard-Aug 13, 2024 123 PM\CS330ContentRS\CS330Content\3DShapes\ShapeMeshes.cpp(619,59): warning C4305: 'initializing': truncation from 'double' to 'GLfloat'
C:\Users\rick2\OneDrive\Desktop\Seabridge-Richard-Aug 13, 2024 123 PM\CS330ContentRS\CS330Content\3DShapes\ShapeMeshes.cpp(620,59): warning C4305: 'initializing': truncation from 'double' to 'GLfloat'
C:\Users\rick2\OneDrive\Desktop\Seabridge-Richard-Aug 13, 2024 123 PM\CS330ContentRS\CS330Content\3DShapes\ShapeMeshes.cpp(621,59): warning C4305: 'initializing': truncation from 'double' to 'GLfloat'
C:\Users\rick2\OneDrive\Desktop\Seabridge-Richard-Aug 13, 2024 123 PM\CS330ContentRS\CS330Content\3DShapes\ShapeMeshes.cpp(622,56): warning C4305: 'initializing': truncation from 'double' to 'GLfloat'
C:\Users\rick2\OneDrive\Desktop\Seabridge-Richard-Aug 13, 2024 123 PM\CS330ContentRS\CS330Content\3DShapes\ShapeMeshes.cpp(623,59): warning C4305: 'initializing': truncation from 'double' to 'GLfloat'
C:\Users\rick2\OneDrive\Desktop\Seabridge-Richard-Aug 13, 2024 123 PM\CS330ContentRS\CS330Content\3DShapes\ShapeMeshes.cpp(624,56): warning C4305: 'initializing': truncation from 'double' to 'GLfloat'
C:\Users\rick2\OneDrive\Desktop\Seabridge-Richard-Aug 13, 2024 123 PM\CS330ContentRS\CS330Content\3DShapes\ShapeMeshes.cpp(625,56): warning C4305: 'initializing': truncation from 'double' to 'GLfloat'
C:\Users\rick2\OneDrive\Desktop\Seabridge-Richard-Aug 13, 2024 123 PM\CS330ContentRS\CS330Content\3DShapes\ShapeMeshes.cpp(626,57): warning C4305: 'initializing': truncation from 'double' to 'GLfloat'
C:\Users\rick2\OneDrive\Desktop\Seabridge-Richard-Aug 13, 2024 123 PM\CS330ContentRS\CS330Content\3DShapes\ShapeMeshes.cpp(627,56): warning C4305: 'initializing': truncation from 'double' to 'GLfloat'
C:\Users\rick2\OneDrive\Desktop\Seabridge-Richard-Aug 13, 2024 123 PM\CS330ContentRS\CS330Content\3DShapes\ShapeMeshes.cpp(628,57): warning C4305: 'initializing': truncation from 'double' to 'GLfloat'
C:\Users\rick2\OneDrive\Desktop\Seabridge-Richard-Aug 13, 2024 123 PM\CS330ContentRS\CS330Content\3DShapes\ShapeMeshes.cpp(629,57): warning C4305: 'initializing': truncation from 'double' to 'GLfloat'
C:\Users\rick2\OneDrive\Desktop\Seabridge-Richard-Aug 13, 2024 123 PM\CS330ContentRS\CS330Content\3DShapes\ShapeMeshes.cpp(630,57): warning C4305: 'initializing': truncation from 'double' to 'GLfloat'
C:\Users\rick2\OneDrive\Desktop\Seabridge-Richard-Aug 13, 2024 123 PM\CS330ContentRS\CS330Content\3DShapes\ShapeMeshes.cpp(631,57): warning C4305: 'initializing': truncation from 'double' to 'GLfloat'
C:\Users\rick2\OneDrive\Desktop\Seabridge-Richard-Aug 13, 2024 123 PM\CS330ContentRS\CS330Content\3DShapes\ShapeMeshes.cpp(632,57): warning C4305: 'initializing': truncation from 'double' to 'GLfloat'
C:\Users\rick2\OneDrive\Desktop\Seabridge-Richard-Aug 13, 2024 123 PM\CS330ContentRS\CS330Content\3DShapes\ShapeMeshes.cpp(633,57): warning C4305: 'initializing': truncation from 'double' to 'GLfloat'
C:\Users\rick2\OneDrive\Desktop\Seabridge-Richard-Aug 13, 2024 123 PM\CS330ContentRS\CS330Content\3DShapes\ShapeMeshes.cpp(634,56): warning C4305: 'initializing': truncation from 'double' to 'GLfloat'
C:\Users\rick2\OneDrive\Desktop\Seabridge-Richard-Aug 13, 2024 123 PM\CS330ContentRS\CS330Content\3DShapes\ShapeMeshes.cpp(635,57): warning C4305: 'initializing': truncation from 'double' to 'GLfloat'
C:\Users\rick2\OneDrive\Desktop\Seabridge-Richard-Aug 13, 2024 123 PM\CS330ContentRS\CS330Content\3DShapes\ShapeMeshes.cpp(636,56): warning C4305: 'initializing': truncation from 'double' to 'GLfloat'
C:\Users\rick2\OneDrive\Desktop\Seabridge-Richard-Aug 13, 2024 123 PM\CS330ContentRS\CS330Content\3DShapes\ShapeMeshes.cpp(637,56): warning C4305: 'initializing': truncation from 'double' to 'GLfloat'
C:\Users\rick2\OneDrive\Desktop\Seabridge-Richard-Aug 13, 2024 123 PM\CS330ContentRS\CS330Content\3DShapes\ShapeMeshes.cpp(638,57): warning C4305: 'initializing': truncation from 'double' to 'GLfloat'
C:\Users\rick2\OneDrive\Desktop\Seabridge-Richard-Aug 13, 2024 123 PM\CS330ContentRS\CS330Content\3DShapes\ShapeMeshes.cpp(639,56): warning C4305: 'initializing': truncation from 'double' to 'GLfloat'
C:\Users\rick2\OneDrive\Desktop\Seabridge-Richard-Aug 13, 2024 123 PM\CS330ContentRS\CS330Content\3DShapes\ShapeMeshes.cpp(640,57): warning C4305: 'initializing': truncation from 'double' to 'GLfloat'
C:\Users\rick2\OneDrive\Desktop\Seabridge-Richard-Aug 13, 2024 123 PM\CS330ContentRS\CS330Content\3DShapes\ShapeMeshes.cpp(641,57): warning C4305: 'initializing': truncation from 'double' to 'GLfloat'
C:\Users\rick2\OneDrive\Desktop\Seabridge-Richard-Aug 13, 2024 123 PM\CS330ContentRS\CS330Content\3DShapes\ShapeMeshes.cpp(642,57): warning C4305: 'initializing': truncation from 'double' to 'GLfloat'
C:\Users\rick2\OneDrive\Desktop\Seabridge-Richard-Aug 13, 2024 123 PM\CS330ContentRS\CS330Content\3DShapes\ShapeMeshes.cpp(643,57): warning C4305: 'initializing': truncation from 'double' to 'GLfloat'
C:\Users\rick2\OneDrive\Desktop\Seabridge-Richard-Aug 13, 2024 123 PM\CS330ContentRS\CS330Content\3DShapes\ShapeMeshes.cpp(644,57): warning C4305: 'initializing': truncation from 'double' to 'GLfloat'
C:\Users\rick2\OneDrive\Desktop\Seabridge-Richard-Aug 13, 2024 123 PM\CS330ContentRS\CS330Content\3DShapes\ShapeMeshes.cpp(645,57): warning C4305: 'initializing': truncation from 'double' to 'GLfloat'
C:\Users\rick2\OneDrive\Desktop\Seabridge-Richard-Aug 13, 2024 123 PM\CS330ContentRS\CS330Content\3DShapes\ShapeMeshes.cpp(646,56): warning C4305: 'initializing': truncation from 'double' to 'GLfloat'
C:\Users\rick2\OneDrive\Desktop\Seabridge-Richard-Aug 13, 2024 123 PM\CS330ContentRS\CS330Content\3DShapes\ShapeMeshes.cpp(647,57): warning C4305: 'initializing': truncation from 'double' to 'GLfloat'
C:\Users\rick2\OneDrive\Desktop\Seabridge-Richard-Aug 13, 2024 123 PM\CS330ContentRS\CS330Content\3DShapes\ShapeMeshes.cpp(648,56): warning C4305: 'initializing': truncation from 'double' to 'GLfloat'
C:\Users\rick2\OneDrive\Desktop\Seabridge-Richard-Aug 13, 2024 123 PM\CS330ContentRS\CS330Content\3DShapes\ShapeMeshes.cpp(649,56): warning C4305: 'initializing': truncation from 'double' to 'GLfloat'
C:\Users\rick2\OneDrive\Desktop\Seabridge-Richard-Aug 13, 2024 123 PM\CS330ContentRS\CS330Content\3DShapes\ShapeMeshes.cpp(650,57): warning C4305: 'initializing': truncation from 'double' to 'GLfloat'
C:\Users\rick2\OneDrive\Desktop\Seabridge-Richard-Aug 13, 2024 123 PM\CS330ContentRS\CS330Content\3DShapes\ShapeMeshes.cpp(651,56): warning C4305: 'initializing': truncation from 'double' to 'GLfloat'
C:\Users\rick2\OneDrive\Desktop\Seabridge-Richard-Aug 13, 2024 123 PM\CS330ContentRS\CS330Content\3DShapes\ShapeMeshes.cpp(652,57): warning C4305: 'initializing': truncation from 'double' to 'GLfloat'
C:\Users\rick2\OneDrive\Desktop\Seabridge-Richard-Aug 13, 2024 123 PM\CS330ContentRS\CS330Content\3DShapes\ShapeMeshes.cpp(653,57): warning C4305: 'initializing': truncation from 'double' to 'GLfloat'
C:\Users\rick2\OneDrive\Desktop\Seabridge-Richard-Aug 13, 2024 123 PM\CS330ContentRS\CS330Content\3DShapes\ShapeMeshes.cpp(654,57): warning C4305: 'initializing': truncation from 'double' to 'GLfloat'
C:\Users\rick2\OneDrive\Desktop\Seabridge-Richard-Aug 13, 2024 123 PM\CS330ContentRS\CS330Content\3DShapes\ShapeMeshes.cpp(655,57): warning C4305: 'initializing': truncation from 'double' to 'GLfloat'
C:\Users\rick2\OneDrive\Desktop\Seabridge-Richard-Aug 13, 2024 123 PM\CS330ContentRS\CS330Content\3DShapes\ShapeMeshes.cpp(656,57): warning C4305: 'initializing': truncation from 'double' to 'GLfloat'
C:\Users\rick2\OneDrive\Desktop\Seabridge-Richard-Aug 13, 2024 123 PM\CS330ContentRS\CS330Content\3DShapes\ShapeMeshes.cpp(657,57): warning C4305: 'initializing': truncation from 'double' to 'GLfloat'
C:\Users\rick2\OneDrive\Desktop\Seabridge-Richard-Aug 13, 2024 123 PM\CS330ContentRS\CS330Content\3DShapes\ShapeMeshes.cpp(659,57): warning C4305: 'initializing': truncation from 'double' to 'GLfloat'
C:\Users\rick2\OneDrive\Desktop\Seabridge-Richard-Aug 13, 2024 123 PM\CS330ContentRS\CS330Content\3DShapes\ShapeMeshes.cpp(956,12): warning C4305: 'initializing': truncation from 'double' to 'GLfloat'
C:\Users\rick2\OneDrive\Desktop\Seabridge-Richard-Aug 13, 2024 123 PM\CS330ContentRS\CS330Content\3DShapes\ShapeMeshes.cpp(965,13): warning C4305: 'initializing': truncation from 'double' to 'GLfloat'
C:\Users\rick2\OneDrive\Desktop\Seabridge-Richard-Aug 13, 2024 123 PM\CS330ContentRS\CS330Content\3DShapes\ShapeMeshes.cpp(1093,3): warning C4305: 'initializing': truncation from 'double' to 'GLfloat'
C:\Users\rick2\OneDrive\Desktop\Seabridge-Richard-Aug 13, 2024 123 PM\CS330ContentRS\CS330Content\3DShapes\ShapeMeshes.cpp(1208,12): warning C4305: 'initializing': truncation from 'double' to 'GLfloat'
C:\Users\rick2\OneDrive\Desktop\Seabridge-Richard-Aug 13, 2024 123 PM\CS330ContentRS\CS330Content\3DShapes\ShapeMeshes.cpp(1217,13): warning C4305: 'initializing': truncation from 'double' to 'GLfloat'
C:\Users\rick2\OneDrive\Desktop\Seabridge-Richard-Aug 13, 2024 123 PM\CS330ContentRS\CS330Content\3DShapes\ShapeMeshes.cpp(1782,11): warning C4101: 'v': unreferenced local variable
C:\Users\rick2\OneDrive\Desktop\Seabridge-Richard-Aug 13, 2024 123 PM\CS330ContentRS\CS330Content\3DShapes\ShapeMeshes.cpp(1782,8): warning C4101: 'u': unreferenced local variable
C:\Users\rick2\OneDrive\Desktop\Seabridge-Richard-Aug 13, 2024 123 PM\CS330ContentRS\CS330Content\3DShapes\ShapeMeshes.cpp(1913,22): warning C4305: 'initializing': truncation from 'double' to 'GLfloat'
C:\Users\rick2\OneDrive\Desktop\Seabridge-Richard-Aug 13, 2024 123 PM\CS330ContentRS\CS330Content\3DShapes\ShapeMeshes.cpp(1914,22): warning C4305: 'initializing': truncation from 'double' to 'GLfloat'
C:\Users\rick2\OneDrive\Desktop\Seabridge-Richard-Aug 13, 2024 123 PM\CS330ContentRS\CS330Content\3DShapes\ShapeMeshes.cpp(1915,24): warning C4305: 'initializing': truncation from 'double' to 'GLfloat'
C:\Users\rick2\OneDrive\Desktop\Seabridge-Richard-Aug 13, 2024 123 PM\CS330ContentRS\CS330Content\3DShapes\ShapeMeshes.cpp(1915,58): warning C4305: 'initializing': truncation from 'double' to 'GLfloat'
C:\Users\rick2\OneDrive\Desktop\Seabridge-Richard-Aug 13, 2024 123 PM\CS330ContentRS\CS330Content\3DShapes\ShapeMeshes.cpp(1916,22): warning C4305: 'initializing': truncation from 'double' to 'GLfloat'
C:\Users\rick2\OneDrive\Desktop\Seabridge-Richard-Aug 13, 2024 123 PM\CS330ContentRS\CS330Content\3DShapes\ShapeMeshes.cpp(1917,24): warning C4305: 'initializing': truncation from 'double' to 'GLfloat'
C:\Users\rick2\OneDrive\Desktop\Seabridge-Richard-Aug 13, 2024 123 PM\CS330ContentRS\CS330Content\3DShapes\ShapeMeshes.cpp(1917,59): warning C4305: 'initializing': truncation from 'double' to 'GLfloat'
C:\Users\rick2\OneDrive\Desktop\Seabridge-Richard-Aug 13, 2024 123 PM\CS330ContentRS\CS330Content\3DShapes\ShapeMeshes.cpp(1918,24): warning C4305: 'initializing': truncation from 'double' to 'GLfloat'
C:\Users\rick2\OneDrive\Desktop\Seabridge-Richard-Aug 13, 2024 123 PM\CS330ContentRS\CS330Content\3DShapes\ShapeMeshes.cpp(1918,58): warning C4305: 'initializing': truncation from 'double' to 'GLfloat'
C:\Users\rick2\OneDrive\Desktop\Seabridge-Richard-Aug 13, 2024 123 PM\CS330ContentRS\CS330Content\3DShapes\ShapeMeshes.cpp(1919,59): warning C4305: 'initializing': truncation from 'double' to 'GLfloat'
C:\Users\rick2\OneDrive\Desktop\Seabridge-Richard-Aug 13, 2024 123 PM\CS330ContentRS\CS330Content\3DShapes\ShapeMeshes.cpp(1920,59): warning C4305: 'initializing': truncation from 'double' to 'GLfloat'
C:\Users\rick2\OneDrive\Desktop\Seabridge-Richard-Aug 13, 2024 123 PM\CS330ContentRS\CS330Content\3DShapes\ShapeMeshes.cpp(1921,59): warning C4305: 'initializing': truncation from 'double' to 'GLfloat'
C:\Users\rick2\OneDrive\Desktop\Seabridge-Richard-Aug 13, 2024 123 PM\CS330ContentRS\CS330Content\3DShapes\ShapeMeshes.cpp(1922,59): warning C4305: 'initializing': truncation from 'double' to 'GLfloat'
C:\Users\rick2\OneDrive\Desktop\Seabridge-Richard-Aug 13, 2024 123 PM\CS330ContentRS\CS330Content\3DShapes\ShapeMeshes.cpp(1923,58): warning C4305: 'initializing': truncation from 'double' to 'GLfloat'
C:\Users\rick2\OneDrive\Desktop\Seabridge-Richard-Aug 13, 2024 123 PM\CS330ContentRS\CS330Content\3DShapes\ShapeMeshes.cpp(1924,59): warning C4305: 'initializing': truncation from 'double' to 'GLfloat'
C:\Users\rick2\OneDrive\Desktop\Seabridge-Richard-Aug 13, 2024 123 PM\CS330ContentRS\CS330Content\3DShapes\ShapeMeshes.cpp(1925,59): warning C4305: 'initializing': truncation from 'double' to 'GLfloat'
C:\Users\rick2\OneDrive\Desktop\Seabridge-Richard-Aug 13, 2024 123 PM\CS330ContentRS\CS330Content\3DShapes\ShapeMeshes.cpp(1926,58): warning C4305: 'initializing': truncation from 'double' to 'GLfloat'
C:\Users\rick2\OneDrive\Desktop\Seabridge-Richard-Aug 13, 2024 123 PM\CS330ContentRS\CS330Content\3DShapes\ShapeMeshes.cpp(1927,59): warning C4305: 'initializing': truncation from 'double' to 'GLfloat'
C:\Users\rick2\OneDrive\Desktop\Seabridge-Richard-Aug 13, 2024 123 PM\CS330ContentRS\CS330Content\3DShapes\ShapeMeshes.cpp(1928,59): warning C4305: 'initializing': truncation from 'double' to 'GLfloat'
C:\Users\rick2\OneDrive\Desktop\Seabridge-Richard-Aug 13, 2024 123 PM\CS330ContentRS\CS330Content\3DShapes\ShapeMeshes.cpp(1929,59): warning C4305: 'initializing': truncation from 'double' to 'GLfloat'
C:\Users\rick2\OneDrive\Desktop\Seabridge-Richard-Aug 13, 2024 123 PM\CS330ContentRS\CS330Content\3DShapes\ShapeMeshes.cpp(1930,59): warning C4305: 'initializing': truncation from 'double' to 'GLfloat'
C:\Users\rick2\OneDrive\Desktop\Seabridge-Richard-Aug 13, 2024 123 PM\CS330ContentRS\CS330Content\3DShapes\ShapeMeshes.cpp(1931,59): warning C4305: 'initializing': truncation from 'double' to 'GLfloat'
C:\Users\rick2\OneDrive\Desktop\Seabridge-Richard-Aug 13, 2024 123 PM\CS330ContentRS\CS330Content\3DShapes\ShapeMeshes.cpp(1932,59): warning C4305: 'initializing': truncation from 'double' to 'GLfloat'
C:\Users\rick2\OneDrive\Desktop\Seabridge-Richard-Aug 13, 2024 123 PM\CS330ContentRS\CS330Content\3DShapes\ShapeMeshes.cpp(1933,59): warning C4305: 'initializing': truncation from 'double' to 'GLfloat'
C:\Users\rick2\OneDrive\Desktop\Seabridge-Richard-Aug 13, 2024 123 PM\CS330ContentRS\CS330Content\3DShapes\ShapeMeshes.cpp(1934,59): warning C4305: 'initializing': truncation from 'double' to 'GLfloat'
C:\Users\rick2\OneDrive\Desktop\Seabridge-Richard-Aug 13, 2024 123 PM\CS330ContentRS\CS330Content\3DShapes\ShapeMeshes.cpp(1935,58): warning C4305: 'initializing': truncation from 'double' to 'GLfloat'
C:\Users\rick2\OneDrive\Desktop\Seabridge-Richard-Aug 13, 2024 123 PM\CS330ContentRS\CS330Content\3DShapes\ShapeMeshes.cpp(1936,59): warning C4305: 'initializing': truncation from 'double' to 'GLfloat'
C:\Users\rick2\OneDrive\Desktop\Seabridge-Richard-Aug 13, 2024 123 PM\CS330ContentRS\CS330Content\3DShapes\ShapeMeshes.cpp(1937,59): warning C4305: 'initializing': truncation from 'double' to 'GLfloat'
C:\Users\rick2\OneDrive\Desktop\Seabridge-Richard-Aug 13, 2024 123 PM\CS330ContentRS\CS330Content\3DShapes\ShapeMeshes.cpp(1938,58): warning C4305: 'initializing': truncation from 'double' to 'GLfloat'
C:\Users\rick2\OneDrive\Desktop\Seabridge-Richard-Aug 13, 2024 123 PM\CS330ContentRS\CS330Content\3DShapes\ShapeMeshes.cpp(1939,59): warning C4305: 'initializing': truncation from 'double' to 'GLfloat'
C:\Users\rick2\OneDrive\Desktop\Seabridge-Richard-Aug 13, 2024 123 PM\CS330ContentRS\CS330Content\3DShapes\ShapeMeshes.cpp(1940,59): warning C4305: 'initializing': truncation from 'double' to 'GLfloat'
C:\Users\rick2\OneDrive\Desktop\Seabridge-Richard-Aug 13, 2024 123 PM\CS330ContentRS\CS330Content\3DShapes\ShapeMeshes.cpp(1941,59): warning C4305: 'initializing': truncation from 'double' to 'GLfloat'
C:\Users\rick2\OneDrive\Desktop\Seabridge-Richard-Aug 13, 2024 123 PM\CS330ContentRS\CS330Content\3DShapes\ShapeMeshes.cpp(1942,59): warning C4305: 'initializing': truncation from 'double' to 'GLfloat'
C:\Users\rick2\OneDrive\Desktop\Seabridge-Richard-Aug 13, 2024 123 PM\CS330ContentRS\CS330Content\3DShapes\ShapeMeshes.cpp(1943,59): warning C4305: 'initializing': truncation from 'double' to 'GLfloat'
C:\Users\rick2\OneDrive\Desktop\Seabridge-Richard-Aug 13, 2024 123 PM\CS330ContentRS\CS330Content\3DShapes\ShapeMeshes.cpp(1944,59): warning C4305: 'initializing': truncation from 'double' to 'GLfloat'
C:\Users\rick2\OneDrive\Desktop\Seabridge-Richard-Aug 13, 2024 123 PM\CS330ContentRS\CS330Content\3DShapes\ShapeMeshes.cpp(1945,59): warning C4305: 'initializing': truncation from 'double' to 'GLfloat'
C:\Users\rick2\OneDrive\Desktop\Seabridge-Richard-Aug 13, 2024 123 PM\CS330ContentRS\CS330Content\3DShapes\ShapeMeshes.cpp(1946,59): warning C4305: 'initializing': truncation from 'double' to 'GLfloat'
C:\Users\rick2\OneDrive\Desktop\Seabridge-Richard-Aug 13, 2024 123 PM\CS330ContentRS\CS330Content\3DShapes\ShapeMeshes.cpp(1947,58): warning C4305: 'initializing': truncation from 'double' to 'GLfloat'
C:\Users\rick2\OneDrive\Desktop\Seabridge-Richard-Aug 13, 2024 123 PM\CS330ContentRS\CS330Content\3DShapes\ShapeMeshes.cpp(1948,59): warning C4305: 'initializing': truncation from 'double' to 'GLfloat'
C:\Users\rick2\OneDrive\Desktop\Seabridge-Richard-Aug 13, 2024 123 PM\CS330ContentRS\CS330Content\3DShapes\ShapeMeshes.cpp(1949,59): warning C4305: 'initializing': truncation from 'double' to 'GLfloat'
C:\Users\rick2\OneDrive\Desktop\Seabridge-Richard-Aug 13, 2024 123 PM\CS330ContentRS\CS330Content\3DShapes\ShapeMeshes.cpp(1950,59): warning C4305: 'initializing': truncation from 'double' to 'GLfloat'
C:\Users\rick2\OneDrive\Desktop\Seabridge-Richard-Aug 13, 2024 123 PM\CS330ContentRS\CS330Content\3DShapes\ShapeMeshes.cpp(1951,60): warning C4305: 'initializing': truncation from 'double' to 'GLfloat'
C:\Users\rick2\OneDrive\Desktop\Seabridge-Richard-Aug 13, 2024 123 PM\CS330ContentRS\CS330Content\3DShapes\ShapeMeshes.cpp(1952,59): warning C4305: 'initializing': truncation from 'double' to 'GLfloat'
C:\Users\rick2\OneDrive\Desktop\Seabridge-Richard-Aug 13, 2024 123 PM\CS330ContentRS\CS330Content\3DShapes\ShapeMeshes.cpp(1953,61): warning C4305: 'initializing': truncation from 'double' to 'GLfloat'
C:\Users\rick2\OneDrive\Desktop\Seabridge-Richard-Aug 13, 2024 123 PM\CS330ContentRS\CS330Content\3DShapes\ShapeMeshes.cpp(1954,60): warning C4305: 'initializing': truncation from 'double' to 'GLfloat'
C:\Users\rick2\OneDrive\Desktop\Seabridge-Richard-Aug 13, 2024 123 PM\CS330ContentRS\CS330Content\3DShapes\ShapeMeshes.cpp(1955,60): warning C4305: 'initializing': truncation from 'double' to 'GLfloat'
C:\Users\rick2\OneDrive\Desktop\Seabridge-Richard-Aug 13, 2024 123 PM\CS330ContentRS\CS330Content\3DShapes\ShapeMeshes.cpp(1956,61): warning C4305: 'initializing': truncation from 'double' to 'GLfloat'
C:\Users\rick2\OneDrive\Desktop\Seabridge-Richard-Aug 13, 2024 123 PM\CS330ContentRS\CS330Content\3DShapes\ShapeMeshes.cpp(1957,60): warning C4305: 'initializing': truncation from 'double' to 'GLfloat'
C:\Users\rick2\OneDrive\Desktop\Seabridge-Richard-Aug 13, 2024 123 PM\CS330ContentRS\CS330Content\3DShapes\ShapeMeshes.cpp(1958,60): warning C4305: 'initializing': truncation from 'double' to 'GLfloat'
C:\Users\rick2\OneDrive\Desktop\Seabridge-Richard-Aug 13, 2024 123 PM\CS330ContentRS\CS330Content\3DShapes\ShapeMeshes.cpp(1959,60): warning C4305: 'initializing': truncation from 'double' to 'GLfloat'
C:\Users\rick2\OneDrive\Desktop\Seabridge-Richard-Aug 13, 2024 123 PM\CS330ContentRS\CS330Content\3DShapes\ShapeMeshes.cpp(1960,60): warning C4305: 'initializing': truncation from 'double' to 'GLfloat'
C:\Users\rick2\OneDrive\Desktop\Seabridge-Richard-Aug 13, 2024 123 PM\CS330ContentRS\CS330Content\3DShapes\ShapeMeshes.cpp(1961,61): warning C4305: 'initializing': truncation from 'double' to 'GLfloat'
C:\Users\rick2\OneDrive\Desktop\Seabridge-Richard-Aug 13, 2024 123 PM\CS330ContentRS\CS330Content\3DShapes\ShapeMeshes.cpp(1962,60): warning C4305: 'initializing': truncation from 'double' to 'GLfloat'
C:\Users\rick2\OneDrive\Desktop\Seabridge-Richard-Aug 13, 2024 123 PM\CS330ContentRS\CS330Content\3DShapes\ShapeMeshes.cpp(1963,60): warning C4305: 'initializing': truncation from 'double' to 'GLfloat'
C:\Users\rick2\OneDrive\Desktop\Seabridge-Richard-Aug 13, 2024 123 PM\CS330ContentRS\CS330Content\3DShapes\ShapeMeshes.cpp(1964,61): warning C4305: 'initializing': truncation from 'double' to 'GLfloat'
C:\Users\rick2\OneDrive\Desktop\Seabridge-Richard-Aug 13, 2024 123 PM\CS330ContentRS\CS330Content\3DShapes\ShapeMeshes.cpp(1965,61): warning C4305: 'initializing': truncation from 'double' to 'GLfloat'
C:\Users\rick2\OneDrive\Desktop\Seabridge-Richard-Aug 13, 2024 123 PM\CS330ContentRS\CS330Content\3DShapes\ShapeMeshes.cpp(1966,60): warning C4305: 'initializing': truncation from 'double' to 'GLfloat'
C:\Users\rick2\OneDrive\Desktop\Seabridge-Richard-Aug 13, 2024 123 PM\CS330ContentRS\CS330Content\3DShapes\ShapeMeshes.cpp(1967,60): warning C4305: 'initializing': truncation from 'double' to 'GLfloat'
C:\Users\rick2\OneDrive\Desktop\Seabridge-Richard-Aug 13, 2024 123 PM\CS330ContentRS\CS330Content\3DShapes\ShapeMeshes.cpp(1968,61): warning C4305: 'initializing': truncation from 'double' to 'GLfloat'
C:\Users\rick2\OneDrive\Desktop\Seabridge-Richard-Aug 13, 2024 123 PM\CS330ContentRS\CS330Content\3DShapes\ShapeMeshes.cpp(1969,61): warning C4305: 'initializing': truncation from 'double' to 'GLfloat'
C:\Users\rick2\OneDrive\Desktop\Seabridge-Richard-Aug 13, 2024 123 PM\CS330ContentRS\CS330Content\3DShapes\ShapeMeshes.cpp(1970,60): warning C4305: 'initializing': truncation from 'double' to 'GLfloat'
C:\Users\rick2\OneDrive\Desktop\Seabridge-Richard-Aug 13, 2024 123 PM\CS330ContentRS\CS330Content\3DShapes\ShapeMeshes.cpp(1971,60): warning C4305: 'initializing': truncation from 'double' to 'GLfloat'
C:\Users\rick2\OneDrive\Desktop\Seabridge-Richard-Aug 13, 2024 123 PM\CS330ContentRS\CS330Content\3DShapes\ShapeMeshes.cpp(1972,61): warning C4305: 'initializing': truncation from 'double' to 'GLfloat'
C:\Users\rick2\OneDrive\Desktop\Seabridge-Richard-Aug 13, 2024 123 PM\CS330ContentRS\CS330Content\3DShapes\ShapeMeshes.cpp(1973,61): warning C4305: 'initializing': truncation from 'double' to 'GLfloat'
C:\Users\rick2\OneDrive\Desktop\Seabridge-Richard-Aug 13, 2024 123 PM\CS330ContentRS\CS330Content\3DShapes\ShapeMeshes.cpp(1974,60): warning C4305: 'initializing': truncation from 'double' to 'GLfloat'
C:\Users\rick2\OneDrive\Desktop\Seabridge-Richard-Aug 13, 2024 123 PM\CS330ContentRS\CS330Content\3DShapes\ShapeMeshes.cpp(1975,60): warning C4305: 'initializing': truncation from 'double' to 'GLfloat'
C:\Users\rick2\OneDrive\Desktop\Seabridge-Richard-Aug 13, 2024 123 PM\CS330ContentRS\CS330Content\3DShapes\ShapeMeshes.cpp(1976,61): warning C4305: 'initializing': truncation from 'double' to 'GLfloat'
C:\Users\rick2\OneDrive\Desktop\Seabridge-Richard-Aug 13, 2024 123 PM\CS330ContentRS\CS330Content\3DShapes\ShapeMeshes.cpp(1977,60): warning C4305: 'initializing': truncation from 'double' to 'GLfloat'
C:\Users\rick2\OneDrive\Desktop\Seabridge-Richard-Aug 13, 2024 123 PM\CS330ContentRS\CS330Content\3DShapes\ShapeMeshes.cpp(1978,60): warning C4305: 'initializing': truncation from 'double' to 'GLfloat'
C:\Users\rick2\OneDrive\Desktop\Seabridge-Richard-Aug 13, 2024 123 PM\CS330ContentRS\CS330Content\3DShapes\ShapeMeshes.cpp(1979,60): warning C4305: 'initializing': truncation from 'double' to 'GLfloat'
C:\Users\rick2\OneDrive\Desktop\Seabridge-Richard-Aug 13, 2024 123 PM\CS330ContentRS\CS330Content\3DShapes\ShapeMeshes.cpp(1980,60): warning C4305: 'initializing': truncation from 'double' to 'GLfloat'
C:\Users\rick2\OneDrive\Desktop\Seabridge-Richard-Aug 13, 2024 123 PM\CS330ContentRS\CS330Content\3DShapes\ShapeMeshes.cpp(1981,61): warning C4305: 'initializing': truncation from 'double' to 'GLfloat'
C:\Users\rick2\OneDrive\Desktop\Seabridge-Richard-Aug 13, 2024 123 PM\CS330ContentRS\CS330Content\3DShapes\ShapeMeshes.cpp(1982,60): warning C4305: 'initializing': truncation from 'double' to 'GLfloat'
C:\Users\rick2\OneDrive\Desktop\Seabridge-Richard-Aug 13, 2024 123 PM\CS330ContentRS\CS330Content\3DShapes\ShapeMeshes.cpp(1983,59): warning C4305: 'initializing': truncation from 'double' to 'GLfloat'
C:\Users\rick2\OneDrive\Desktop\Seabridge-Richard-Aug 13, 2024 123 PM\CS330ContentRS\CS330Content\3DShapes\ShapeMeshes.cpp(1984,61): warning C4305: 'initializing': truncation from 'double' to 'GLfloat'
C:\Users\rick2\OneDrive\Desktop\Seabridge-Richard-Aug 13, 2024 123 PM\CS330ContentRS\CS330Content\3DShapes\ShapeMeshes.cpp(1985,59): warning C4305: 'initializing': truncation from 'double' to 'GLfloat'
C:\Users\rick2\OneDrive\Desktop\Seabridge-Richard-Aug 13, 2024 123 PM\CS330ContentRS\CS330Content\3DShapes\ShapeMeshes.cpp(1986,59): warning C4305: 'initializing': truncation from 'double' to 'GLfloat'
C:\Users\rick2\OneDrive\Desktop\Seabridge-Richard-Aug 13, 2024 123 PM\CS330ContentRS\CS330Content\3DShapes\ShapeMeshes.cpp(1987,59): warning C4305: 'initializing': truncation from 'double' to 'GLfloat'
C:\Users\rick2\OneDrive\Desktop\Seabridge-Richard-Aug 13, 2024 123 PM\CS330ContentRS\CS330Content\3DShapes\ShapeMeshes.cpp(1988,58): warning C4305: 'initializing': truncation from 'double' to 'GLfloat'
C:\Users\rick2\OneDrive\Desktop\Seabridge-Richard-Aug 13, 2024 123 PM\CS330ContentRS\CS330Content\3DShapes\ShapeMeshes.cpp(1989,59): warning C4305: 'initializing': truncation from 'double' to 'GLfloat'
C:\Users\rick2\OneDrive\Desktop\Seabridge-Richard-Aug 13, 2024 123 PM\CS330ContentRS\CS330Content\3DShapes\ShapeMeshes.cpp(1990,59): warning C4305: 'initializing': truncation from 'double' to 'GLfloat'
C:\Users\rick2\OneDrive\Desktop\Seabridge-Richard-Aug 13, 2024 123 PM\CS330ContentRS\CS330Content\3DShapes\ShapeMeshes.cpp(1991,59): warning C4305: 'initializing': truncation from 'double' to 'GLfloat'
C:\Users\rick2\OneDrive\Desktop\Seabridge-Richard-Aug 13, 2024 123 PM\CS330ContentRS\CS330Content\3DShapes\ShapeMeshes.cpp(1992,59): warning C4305: 'initializing': truncation from 'double' to 'GLfloat'
C:\Users\rick2\OneDrive\Desktop\Seabridge-Richard-Aug 13, 2024 123 PM\CS330ContentRS\CS330Content\3DShapes\ShapeMeshes.cpp(1993,59): warning C4305: 'initializing': truncation from 'double' to 'GLfloat'
C:\Users\rick2\OneDrive\Desktop\Seabridge-Richard-Aug 13, 2024 123 PM\CS330ContentRS\CS330Content\3DShapes\ShapeMeshes.cpp(1994,59): warning C4305: 'initializing': truncation from 'double' to 'GLfloat'
C:\Users\rick2\OneDrive\Desktop\Seabridge-Richard-Aug 13, 2024 123 PM\CS330ContentRS\CS330Content\3DShapes\ShapeMeshes.cpp(1995,58): warning C4305: 'initializing': truncation from 'double' to 'GLfloat'
C:\Users\rick2\OneDrive\Desktop\Seabridge-Richard-Aug 13, 2024 123 PM\CS330ContentRS\CS330Content\3DShapes\ShapeMeshes.cpp(1996,59): warning C4305: 'initializing': truncation from 'double' to 'GLfloat'
C:\Users\rick2\OneDrive\Desktop\Seabridge-Richard-Aug 13, 2024 123 PM\CS330ContentRS\CS330Content\3DShapes\ShapeMeshes.cpp(1997,59): warning C4305: 'initializing': truncation from 'double' to 'GLfloat'
C:\Users\rick2\OneDrive\Desktop\Seabridge-Richard-Aug 13, 2024 123 PM\CS330ContentRS\CS330Content\3DShapes\ShapeMeshes.cpp(1998,58): warning C4305: 'initializing': truncation from 'double' to 'GLfloat'
C:\Users\rick2\OneDrive\Desktop\Seabridge-Richard-Aug 13, 2024 123 PM\CS330ContentRS\CS330Content\3DShapes\ShapeMeshes.cpp(1999,59): warning C4305: 'initializing': truncation from 'double' to 'GLfloat'
C:\Users\rick2\OneDrive\Desktop\Seabridge-Richard-Aug 13, 2024 123 PM\CS330ContentRS\CS330Content\3DShapes\ShapeMeshes.cpp(2000,59): warning C4305: 'initializing': truncation from 'double' to 'GLfloat'
C:\Users\rick2\OneDrive\Desktop\Seabridge-Richard-Aug 13, 2024 123 PM\CS330ContentRS\CS330Content\3DShapes\ShapeMeshes.cpp(2001,59): warning C4305: 'initializing': truncation from 'double' to 'GLfloat'
C:\Users\rick2\OneDrive\Desktop\Seabridge-Richard-Aug 13, 2024 123 PM\CS330ContentRS\CS330Content\3DShapes\ShapeMeshes.cpp(2002,59): warning C4305: 'initializing': truncation from 'double' to 'GLfloat'
C:\Users\rick2\OneDrive\Desktop\Seabridge-Richard-Aug 13, 2024 123 PM\CS330ContentRS\CS330Content\3DShapes\ShapeMeshes.cpp(2003,59): warning C4305: 'initializing': truncation from 'double' to 'GLfloat'
C:\Users\rick2\OneDrive\Desktop\Seabridge-Richard-Aug 13, 2024 123 PM\CS330ContentRS\CS330Content\3DShapes\ShapeMeshes.cpp(2004,59): warning C4305: 'initializing': truncation from 'double' to 'GLfloat'
C:\Users\rick2\OneDrive\Desktop\Seabridge-Richard-Aug 13, 2024 123 PM\CS330ContentRS\CS330Content\3DShapes\ShapeMeshes.cpp(2005,59): warning C4305: 'initializing': truncation from 'double' to 'GLfloat'
C:\Users\rick2\OneDrive\Desktop\Seabridge-Richard-Aug 13, 2024 123 PM\CS330ContentRS\CS330Content\3DShapes\ShapeMeshes.cpp(2006,59): warning C4305: 'initializing': truncation from 'double' to 'GLfloat'
C:\Users\rick2\OneDrive\Desktop\Seabridge-Richard-Aug 13, 2024 123 PM\CS330ContentRS\CS330Content\3DShapes\ShapeMeshes.cpp(2007,58): warning C4305: 'initializing': truncation from 'double' to 'GLfloat'
C:\Users\rick2\OneDrive\Desktop\Seabridge-Richard-Aug 13, 2024 123 PM\CS330ContentRS\CS330Content\3DShapes\ShapeMeshes.cpp(2008,59): warning C4305: 'initializing': truncation from 'double' to 'GLfloat'
C:\Users\rick2\OneDrive\Desktop\Seabridge-Richard-Aug 13, 2024 123 PM\CS330ContentRS\CS330Content\3DShapes\ShapeMeshes.cpp(2009,59): warning C4305: 'initializing': truncation from 'double' to 'GLfloat'
C:\Users\rick2\OneDrive\Desktop\Seabridge-Richard-Aug 13, 2024 123 PM\CS330ContentRS\CS330Content\3DShapes\ShapeMeshes.cpp(2010,58): warning C4305: 'initializing': truncation from 'double' to 'GLfloat'
C:\Users\rick2\OneDrive\Desktop\Seabridge-Richard-Aug 13, 2024 123 PM\CS330ContentRS\CS330Content\3DShapes\ShapeMeshes.cpp(2011,59): warning C4305: 'initializing': truncation from 'double' to 'GLfloat'
C:\Users\rick2\OneDrive\Desktop\Seabridge-Richard-Aug 13, 2024 123 PM\CS330ContentRS\CS330Content\3DShapes\ShapeMeshes.cpp(2012,59): warning C4305: 'initializing': truncation from 'double' to 'GLfloat'
C:\Users\rick2\OneDrive\Desktop\Seabridge-Richard-Aug 13, 2024 123 PM\CS330ContentRS\CS330Content\3DShapes\ShapeMeshes.cpp(2013,59): warning C4305: 'initializing': truncation from 'double' to 'GLfloat'
C:\Users\rick2\OneDrive\Desktop\Seabridge-Richard-Aug 13, 2024 123 PM\CS330ContentRS\CS330Content\3DShapes\ShapeMeshes.cpp(2014,59): warning C4305: 'initializing': truncation from 'double' to 'GLfloat'
C:\Users\rick2\OneDrive\Desktop\Seabridge-Richard-Aug 13, 2024 123 PM\CS330ContentRS\CS330Content\3DShapes\ShapeMeshes.cpp(2015,59): warning C4305: 'initializing': truncation from 'double' to 'GLfloat'
C:\Users\rick2\OneDrive\Desktop\Seabridge-Richard-Aug 13, 2024 123 PM\CS330ContentRS\CS330Content\3DShapes\ShapeMeshes.cpp(2016,59): warning C4305: 'initializing': truncation from 'double' to 'GLfloat'
C:\Users\rick2\OneDrive\Desktop\Seabridge-Richard-Aug 13, 2024 123 PM\CS330ContentRS\CS330Content\3DShapes\ShapeMeshes.cpp(2017,59): warning C4305: 'initializing': truncation from 'double' to 'GLfloat'
C:\Users\rick2\OneDrive\Desktop\Seabridge-Richard-Aug 13, 2024 123 PM\CS330ContentRS\CS330Content\3DShapes\ShapeMeshes.cpp(2018,59): warning C4305: 'initializing': truncation from 'double' to 'GLfloat'
C:\Users\rick2\OneDrive\Desktop\Seabridge-Richard-Aug 13, 2024 123 PM\CS330ContentRS\CS330Content\3DShapes\ShapeMeshes.cpp(2019,57): warning C4305: 'initializing': truncation from 'double' to 'GLfloat'
C:\Users\rick2\OneDrive\Desktop\Seabridge-Richard-Aug 13, 2024 123 PM\CS330ContentRS\CS330Content\3DShapes\ShapeMeshes.cpp(2020,59): warning C4305: 'initializing': truncation from 'double' to 'GLfloat'
C:\Users\rick2\OneDrive\Desktop\Seabridge-Richard-Aug 13, 2024 123 PM\CS330ContentRS\CS330Content\3DShapes\ShapeMeshes.cpp(2021,57): warning C4305: 'initializing': truncation from 'double' to 'GLfloat'
C:\Users\rick2\OneDrive\Desktop\Seabridge-Richard-Aug 13, 2024 123 PM\CS330ContentRS\CS330Content\3DShapes\ShapeMeshes.cpp(2022,57): warning C4305: 'initializing': truncation from 'double' to 'GLfloat'
C:\Users\rick2\OneDrive\Desktop\Seabridge-Richard-Aug 13, 2024 123 PM\CS330ContentRS\CS330Content\3DShapes\ShapeMeshes.cpp(2023,57): warning C4305: 'initializing': truncation from 'double' to 'GLfloat'
C:\Users\rick2\OneDrive\Desktop\Seabridge-Richard-Aug 13, 2024 123 PM\CS330ContentRS\CS330Content\3DShapes\ShapeMeshes.cpp(2024,56): warning C4305: 'initializing': truncation from 'double' to 'GLfloat'
C:\Users\rick2\OneDrive\Desktop\Seabridge-Richard-Aug 13, 2024 123 PM\CS330ContentRS\CS330Content\3DShapes\ShapeMeshes.cpp(2025,58): warning C4305: 'initializing': truncation from 'double' to 'GLfloat'
C:\Users\rick2\OneDrive\Desktop\Seabridge-Richard-Aug 13, 2024 123 PM\CS330ContentRS\CS330Content\3DShapes\ShapeMeshes.cpp(2026,57): warning C4305: 'initializing': truncation from 'double' to 'GLfloat'
C:\Users\rick2\OneDrive\Desktop\Seabridge-Richard-Aug 13, 2024 123 PM\CS330ContentRS\CS330Content\3DShapes\ShapeMeshes.cpp(2027,57): warning C4305: 'initializing': truncation from 'double' to 'GLfloat'
C:\Users\rick2\OneDrive\Desktop\Seabridge-Richard-Aug 13, 2024 123 PM\CS330ContentRS\CS330Content\3DShapes\ShapeMeshes.cpp(2028,58): warning C4305: 'initializing': truncation from 'double' to 'GLfloat'
C:\Users\rick2\OneDrive\Desktop\Seabridge-Richard-Aug 13, 2024 123 PM\CS330ContentRS\CS330Content\3DShapes\ShapeMeshes.cpp(2029,57): warning C4305: 'initializing': truncation from 'double' to 'GLfloat'
C:\Users\rick2\OneDrive\Desktop\Seabridge-Richard-Aug 13, 2024 123 PM\CS330ContentRS\CS330Content\3DShapes\ShapeMeshes.cpp(2030,57): warning C4305: 'initializing': truncation from 'double' to 'GLfloat'
C:\Users\rick2\OneDrive\Desktop\Seabridge-Richard-Aug 13, 2024 123 PM\CS330ContentRS\CS330Content\3DShapes\ShapeMeshes.cpp(2031,56): warning C4305: 'initializing': truncation from 'double' to 'GLfloat'
C:\Users\rick2\OneDrive\Desktop\Seabridge-Richard-Aug 13, 2024 123 PM\CS330ContentRS\CS330Content\3DShapes\ShapeMeshes.cpp(2032,57): warning C4305: 'initializing': truncation from 'double' to 'GLfloat'
C:\Users\rick2\OneDrive\Desktop\Seabridge-Richard-Aug 13, 2024 123 PM\CS330ContentRS\CS330Content\3DShapes\ShapeMeshes.cpp(2033,58): warning C4305: 'initializing': truncation from 'double' to 'GLfloat'
C:\Users\rick2\OneDrive\Desktop\Seabridge-Richard-Aug 13, 2024 123 PM\CS330ContentRS\CS330Content\3DShapes\ShapeMeshes.cpp(2034,56): warning C4305: 'initializing': truncation from 'double' to 'GLfloat'
C:\Users\rick2\OneDrive\Desktop\Seabridge-Richard-Aug 13, 2024 123 PM\CS330ContentRS\CS330Content\3DShapes\ShapeMeshes.cpp(2035,57): warning C4305: 'initializing': truncation from 'double' to 'GLfloat'
C:\Users\rick2\OneDrive\Desktop\Seabridge-Richard-Aug 13, 2024 123 PM\CS330ContentRS\CS330Content\3DShapes\ShapeMeshes.cpp(2036,58): warning C4305: 'initializing': truncation from 'double' to 'GLfloat'
C:\Users\rick2\OneDrive\Desktop\Seabridge-Richard-Aug 13, 2024 123 PM\CS330ContentRS\CS330Content\3DShapes\ShapeMeshes.cpp(2037,58): warning C4305: 'initializing': truncation from 'double' to 'GLfloat'
C:\Users\rick2\OneDrive\Desktop\Seabridge-Richard-Aug 13, 2024 123 PM\CS330ContentRS\CS330Content\3DShapes\ShapeMeshes.cpp(2038,57): warning C4305: 'initializing': truncation from 'double' to 'GLfloat'
C:\Users\rick2\OneDrive\Desktop\Seabridge-Richard-Aug 13, 2024 123 PM\CS330ContentRS\CS330Content\3DShapes\ShapeMeshes.cpp(2039,57): warning C4305: 'initializing': truncation from 'double' to 'GLfloat'
C:\Users\rick2\OneDrive\Desktop\Seabridge-Richard-Aug 13, 2024 123 PM\CS330ContentRS\CS330Content\3DShapes\ShapeMeshes.cpp(2040,58): warning C4305: 'initializing': truncation from 'double' to 'GLfloat'
C:\Users\rick2\OneDrive\Desktop\Seabridge-Richard-Aug 13, 2024 123 PM\CS330ContentRS\CS330Content\3DShapes\ShapeMeshes.cpp(2041,58): warning C4305: 'initializing': truncation from 'double' to 'GLfloat'
C:\Users\rick2\OneDrive\Desktop\Seabridge-Richard-Aug 13, 2024 123 PM\CS330ContentRS\CS330Content\3DShapes\ShapeMeshes.cpp(2042,57): warning C4305: 'initializing': truncation from 'double' to 'GLfloat'
C:\Users\rick2\OneDrive\Desktop\Seabridge-Richard-Aug 13, 2024 123 PM\CS330ContentRS\CS330Content\3DShapes\ShapeMeshes.cpp(2043,56): warning C4305: 'initializing': truncation from 'double' to 'GLfloat'
C:\Users\rick2\OneDrive\Desktop\Seabridge-Richard-Aug 13, 2024 123 PM\CS330ContentRS\CS330Content\3DShapes\ShapeMeshes.cpp(2044,58): warning C4305: 'initializing': truncation from 'double' to 'GLfloat'
C:\Users\rick2\OneDrive\Desktop\Seabridge-Richard-Aug 13, 2024 123 PM\CS330ContentRS\CS330Content\3DShapes\ShapeMeshes.cpp(2045,58): warning C4305: 'initializing': truncation from 'double' to 'GLfloat'
C:\Users\rick2\OneDrive\Desktop\Seabridge-Richard-Aug 13, 2024 123 PM\CS330ContentRS\CS330Content\3DShapes\ShapeMeshes.cpp(2046,56): warning C4305: 'initializing': truncation from 'double' to 'GLfloat'
C:\Users\rick2\OneDrive\Desktop\Seabridge-Richard-Aug 13, 2024 123 PM\CS330ContentRS\CS330Content\3DShapes\ShapeMeshes.cpp(2047,57): warning C4305: 'initializing': truncation from 'double' to 'GLfloat'
C:\Users\rick2\OneDrive\Desktop\Seabridge-Richard-Aug 13, 2024 123 PM\CS330ContentRS\CS330Content\3DShapes\ShapeMeshes.cpp(2048,58): warning C4305: 'initializing': truncation from 'double' to 'GLfloat'
C:\Users\rick2\OneDrive\Desktop\Seabridge-Richard-Aug 13, 2024 123 PM\CS330ContentRS\CS330Content\3DShapes\ShapeMeshes.cpp(2049,57): warning C4305: 'initializing': truncation from 'double' to 'GLfloat'
C:\Users\rick2\OneDrive\Desktop\Seabridge-Richard-Aug 13, 2024 123 PM\CS330ContentRS\CS330Content\3DShapes\ShapeMeshes.cpp(2050,57): warning C4305: 'initializing': truncation from 'double' to 'GLfloat'
C:\Users\rick2\OneDrive\Desktop\Seabridge-Richard-Aug 13, 2024 123 PM\CS330ContentRS\CS330Content\3DShapes\ShapeMeshes.cpp(2051,57): warning C4305: 'initializing': truncation from 'double' to 'GLfloat'
C:\Users\rick2\OneDrive\Desktop\Seabridge-Richard-Aug 13, 2024 123 PM\CS330ContentRS\CS330Content\3DShapes\ShapeMeshes.cpp(2052,57): warning C4305: 'initializing': truncation from 'double' to 'GLfloat'
C:\Users\rick2\OneDrive\Desktop\Seabridge-Richard-Aug 13, 2024 123 PM\CS330ContentRS\CS330Content\3DShapes\ShapeMeshes.cpp(2053,58): warning C4305: 'initializing': truncation from 'double' to 'GLfloat'
C:\Users\rick2\OneDrive\Desktop\Seabridge-Richard-Aug 13, 2024 123 PM\CS330ContentRS\CS330Content\3DShapes\ShapeMeshes.cpp(2054,57): warning C4305: 'initializing': truncation from 'double' to 'GLfloat'
C:\Users\rick2\OneDrive\Desktop\Seabridge-Richard-Aug 13, 2024 123 PM\CS330ContentRS\CS330Content\3DShapes\ShapeMeshes.cpp(2056,58): warning C4305: 'initializing': truncation from 'double' to 'GLfloat'
C:\Users\rick2\OneDrive\Desktop\Seabridge-Richard-Aug 13, 2024 123 PM\CS330ContentRS\CS330Content\3DShapes\ShapeMeshes.cpp(2148,23): warning C4244: 'initializing': conversion from 'double' to 'float', possible loss of data
C:\Users\rick2\OneDrive\Desktop\Seabridge-Richard-Aug 13, 2024 123 PM\CS330ContentRS\CS330Content\3DShapes\ShapeMeshes.cpp(2149,21): warning C4244: 'initializing': conversion from 'double' to 'float', possible loss of data
C:\Users\rick2\OneDrive\Desktop\Seabridge-Richard-Aug 13, 2024 123 PM\CS330ContentRS\CS330Content\3DShapes\ShapeMeshes.cpp(2239,20): warning C4018: '<': signed/unsigned mismatch
  ShaderManager.cpp
  MainCode.cpp
  SceneManager.cpp
C:\Users\rick2\OneDrive\Desktop\Seabridge-Richard-Aug 13, 2024 123 PM\CS330ContentRS\CS330Content\Projects\7-1_FinalProjectMilestones\Source\SceneManager.cpp(78,16): warning C4018: '<': signed/unsigned mismatch
C:\Users\rick2\OneDrive\Desktop\Seabridge-Richard-Aug 13, 2024 123 PM\CS330ContentRS\CS330Content\Projects\7-1_FinalProjectMilestones\Source\SceneManager.cpp(438,27): warning C4305: '=': truncation from 'double' to 'float'
  ViewManager.cpp
C:\Users\rick2\OneDrive\Desktop\Seabridge-Richard-Aug 13, 2024 123 PM\CS330ContentRS\CS330Content\Projects\7-1_FinalProjectMilestones\Source\ViewManager.cpp(134,12): warning C4244: '=': conversion from 'double' to 'float', possible loss of data
C:\Users\rick2\OneDrive\Desktop\Seabridge-Richard-Aug 13, 2024 123 PM\CS330ContentRS\CS330Content\Projects\7-1_FinalProjectMilestones\Source\ViewManager.cpp(135,12): warning C4244: '=': conversion from 'double' to 'float', possible loss of data
C:\Users\rick2\OneDrive\Desktop\Seabridge-Richard-Aug 13, 2024 123 PM\CS330ContentRS\CS330Content\Projects\7-1_FinalProjectMilestones\Source\ViewManager.cpp(140,16): warning C4244: 'initializing': conversion from 'double' to 'float', possible loss of data
C:\Users\rick2\OneDrive\Desktop\Seabridge-Richard-Aug 13, 2024 123 PM\CS330ContentRS\CS330Content\Projects\7-1_FinalProjectMilestones\Source\ViewManager.cpp(141,16): warning C4244: 'initializing': conversion from 'double' to 'float', possible loss of data
C:\Users\rick2\OneDrive\Desktop\Seabridge-Richard-Aug 13, 2024 123 PM\CS330ContentRS\CS330Content\Projects\7-1_FinalProjectMilestones\Source\ViewManager.cpp(144,11): warning C4244: '=': conversion from 'double' to 'float', possible loss of data
C:\Users\rick2\OneDrive\Desktop\Seabridge-Richard-Aug 13, 2024 123 PM\CS330ContentRS\CS330Content\Projects\7-1_FinalProjectMilestones\Source\ViewManager.cpp(145,11): warning C4244: '=': conversion from 'double' to 'float', possible loss of data
C:\Users\rick2\OneDrive\Desktop\Seabridge-Richard-Aug 13, 2024 123 PM\CS330ContentRS\CS330Content\Projects\7-1_FinalProjectMilestones\Source\ViewManager.cpp(160,32): warning C4244: 'argument': conversion from 'double' to 'float', possible loss of data
C:\Users\rick2\OneDrive\Desktop\Seabridge-Richard-Aug 13, 2024 123 PM\CS330ContentRS\CS330Content\Projects\7-1_FinalProjectMilestones\Source\ViewManager.cpp(231,21): warning C4244: 'initializing': conversion from 'double' to 'float', possible loss of data
  Generating Code...
  7-1_FinalProjectMilestones.vcxproj -> C:\Users\rick2\OneDrive\Desktop\Seabridge-Richard-Aug 13, 2024 123 PM\CS330ContentRS\CS330Content\Projects\7-1_FinalProjectMilestones\Debug\7-1_FinalProjectMilestones.exe
